# JRE version: OpenJDK Runtime Environment (11.0.13) (build 11.0.13+0-b1751.21-8125866)
# Java VM: OpenJDK 64-Bit Server VM (11.0.13+0-b1751.21-8125866, mixed mode, tiered, compressed oops, g1 gc, windows-amd64)
Heap:
 garbage-first heap   total 260096K, used 188499K [0x0000000080000000, 0x0000000100000000)
  region size 1024K, 68 young (69632K), 11 survivors (11264K)
 Metaspace       used 110491K, capacity 113147K, committed 113492K, reserved 1148928K
  class space    used 13647K, capacity 14607K, committed 14808K, reserved 1048576K
GC Heap History (20 events):
Event: 7.313 GC heap before
{Heap before GC invocations=12 (full 0):
 garbage-first heap   total 260096K, used 184821K [0x0000000080000000, 0x0000000100000000)
  region size 1024K, 139 young (142336K), 13 survivors (13312K)
 Metaspace       used 79788K, capacity 81740K, committed 82000K, reserved 1120256K
  class space    used 10390K, capacity 11072K, committed 11168K, reserved 1048576K
}
Event: 7.322 GC heap after
{Heap after GC invocations=13 (full 0):
 garbage-first heap   total 260096K, used 64317K [0x0000000080000000, 0x0000000100000000)
  region size 1024K, 9 young (9216K), 9 survivors (9216K)
 Metaspace       used 79788K, capacity 81740K, committed 82000K, reserved 1120256K
  class space    used 10390K, capacity 11072K, committed 11168K, reserved 1048576K
}
Event: 8.044 GC heap before
{Heap before GC invocations=13 (full 0):
 garbage-first heap   total 260096K, used 192317K [0x0000000080000000, 0x0000000100000000)
  region size 1024K, 133 young (136192K), 9 survivors (9216K)
 Metaspace       used 84154K, capacity 86677K, committed 86864K, reserved 1124352K
  class space    used 10987K, capacity 11900K, committed 11936K, reserved 1048576K
}
Event: 8.053 GC heap after
{Heap after GC invocations=14 (full 0):
 garbage-first heap   total 260096K, used 78848K [0x0000000080000000, 0x0000000100000000)
  region size 1024K, 17 young (17408K), 17 survivors (17408K)
 Metaspace       used 84154K, capacity 86677K, committed 86864K, reserved 1124352K
  class space    used 10987K, capacity 11900K, committed 11936K, reserved 1048576K
}
Event: 8.803 GC heap before
{Heap before GC invocations=14 (full 0):
 garbage-first heap   total 260096K, used 210944K [0x0000000080000000, 0x0000000100000000)
  region size 1024K, 130 young (133120K), 17 survivors (17408K)
 Metaspace       used 90948K, capacity 93435K, committed 93520K, reserved 1130496K
  class space    used 11717K, capacity 12642K, committed 12704K, reserved 1048576K
}
Event: 8.817 GC heap after
{Heap after GC invocations=15 (full 0):
 garbage-first heap   total 260096K, used 96381K [0x0000000080000000, 0x0000000100000000)
  region size 1024K, 17 young (17408K), 17 survivors (17408K)
 Metaspace       used 90948K, capacity 93435K, committed 93520K, reserved 1130496K
  class space    used 11717K, capacity 12642K, committed 12704K, reserved 1048576K
}
Event: 9.288 GC heap before
{Heap before GC invocations=15 (full 0):
 garbage-first heap   total 260096K, used 196733K [0x0000000080000000, 0x0000000100000000)
  region size 1024K, 116 young (118784K), 17 survivors (17408K)
 Metaspace       used 92737K, capacity 95347K, committed 95440K, reserved 1132544K
  class space    used 11869K, capacity 12826K, committed 12832K, reserved 1048576K
}
Event: 9.296 GC heap after
{Heap after GC invocations=16 (full 0):
 garbage-first heap   total 260096K, used 104015K [0x0000000080000000, 0x0000000100000000)
  region size 1024K, 9 young (9216K), 9 survivors (9216K)
 Metaspace       used 92737K, capacity 95347K, committed 95440K, reserved 1132544K
  class space    used 11869K, capacity 12826K, committed 12832K, reserved 1048576K
}
Event: 9.498 GC heap before
{Heap before GC invocations=16 (full 0):
 garbage-first heap   total 260096K, used 201295K [0x0000000080000000, 0x0000000100000000)
  region size 1024K, 105 young (107520K), 9 survivors (9216K)
 Metaspace       used 94534K, capacity 97156K, committed 97232K, reserved 1134592K
  class space    used 12096K, capacity 13028K, committed 13088K, reserved 1048576K
}
Event: 9.504 GC heap after
{Heap after GC invocations=17 (full 0):
 garbage-first heap   total 260096K, used 108356K [0x0000000080000000, 0x0000000100000000)
  region size 1024K, 13 young (13312K), 13 survivors (13312K)
 Metaspace       used 94534K, capacity 97156K, committed 97232K, reserved 1134592K
  class space    used 12096K, capacity 13028K, committed 13088K, reserved 1048576K
}
Event: 11.694 GC heap before
{Heap before GC invocations=17 (full 0):
 garbage-first heap   total 260096K, used 205636K [0x0000000080000000, 0x0000000100000000)
  region size 1024K, 109 young (111616K), 13 survivors (13312K)
 Metaspace       used 97772K, capacity 100502K, committed 100688K, reserved 1136640K
  class space    used 12463K, capacity 13442K, committed 13472K, reserved 1048576K
}
Event: 11.700 GC heap after
{Heap after GC invocations=18 (full 0):
 garbage-first heap   total 260096K, used 112137K [0x0000000080000000, 0x0000000100000000)
  region size 1024K, 9 young (9216K), 9 survivors (9216K)
 Metaspace       used 97772K, capacity 100502K, committed 100688K, reserved 1136640K
  class space    used 12463K, capacity 13442K, committed 13472K, reserved 1048576K
}
Event: 11.813 GC heap before
{Heap before GC invocations=18 (full 0):
 garbage-first heap   total 260096K, used 129545K [0x0000000080000000, 0x0000000100000000)
  region size 1024K, 28 young (28672K), 9 survivors (9216K)
 Metaspace       used 98343K, capacity 100998K, committed 101256K, reserved 1136640K
  class space    used 12537K, capacity 13479K, committed 13528K, reserved 1048576K
}
Event: 11.820 GC heap after
{Heap after GC invocations=19 (full 0):
 garbage-first heap   total 260096K, used 114726K [0x0000000080000000, 0x0000000100000000)
  region size 1024K, 7 young (7168K), 7 survivors (7168K)
 Metaspace       used 98343K, capacity 100998K, committed 101256K, reserved 1136640K
  class space    used 12537K, capacity 13479K, committed 13528K, reserved 1048576K
}
Event: 12.842 GC heap before
{Heap before GC invocations=20 (full 0):
 garbage-first heap   total 260096K, used 199718K [0x0000000080000000, 0x0000000100000000)
  region size 1024K, 95 young (97280K), 7 survivors (7168K)
 Metaspace       used 105225K, capacity 107873K, committed 108500K, reserved 1142784K
  class space    used 13253K, capacity 14165K, committed 14424K, reserved 1048576K
}
Event: 12.851 GC heap after
{Heap after GC invocations=21 (full 0):
 garbage-first heap   total 260096K, used 122435K [0x0000000080000000, 0x0000000100000000)
  region size 1024K, 12 young (12288K), 12 survivors (12288K)
 Metaspace       used 105225K, capacity 107873K, committed 108500K, reserved 1142784K
  class space    used 13253K, capacity 14165K, committed 14424K, reserved 1048576K
}
Event: 12.939 GC heap before
{Heap before GC invocations=21 (full 0):
 garbage-first heap   total 260096K, used 123459K [0x0000000080000000, 0x0000000100000000)
  region size 1024K, 13 young (13312K), 12 survivors (12288K)
 Metaspace       used 105226K, capacity 107873K, committed 108500K, reserved 1142784K
  class space    used 13253K, capacity 14165K, committed 14424K, reserved 1048576K
}
Event: 12.944 GC heap after
{Heap after GC invocations=22 (full 0):
 garbage-first heap   total 260096K, used 121131K [0x0000000080000000, 0x0000000100000000)
  region size 1024K, 2 young (2048K), 2 survivors (2048K)
 Metaspace       used 105226K, capacity 107873K, committed 108500K, reserved 1142784K
  class space    used 13253K, capacity 14165K, committed 14424K, reserved 1048576K
}
Event: 13.936 GC heap before
{Heap before GC invocations=22 (full 0):
 garbage-first heap   total 260096K, used 181547K [0x0000000080000000, 0x0000000100000000)
  region size 1024K, 62 young (63488K), 2 survivors (2048K)
 Metaspace       used 107606K, capacity 110196K, committed 110804K, reserved 1144832K
  class space    used 13443K, capacity 14396K, committed 14680K, reserved 1048576K
}
Event: 13.944 GC heap after
{Heap after GC invocations=23 (full 0):
 garbage-first heap   total 260096K, used 130131K [0x0000000080000000, 0x0000000100000000)
  region size 1024K, 11 young (11264K), 11 survivors (11264K)
 Metaspace       used 107606K, capacity 110196K, committed 110804K, reserved 1144832K
  class space    used 13443K, capacity 14396K, committed 14680K, reserved 1048576K
}

